Determining if the pthread_create exist failed with the following output:
Change Dir: /home/tobias/gitcode/cutting_board/glfw/glfw-3.2/CMakeFiles/CMakeTmp

Run Build Command:/usr/bin/make "cmTryCompileExec4006194400/fast"
/usr/bin/make -f CMakeFiles/cmTryCompileExec4006194400.dir/build.make CMakeFiles/cmTryCompileExec4006194400.dir/build
make[1]: Entering directory `/home/tobias/gitcode/cutting_board/glfw/glfw-3.2/CMakeFiles/CMakeTmp'
/usr/bin/cmake -E cmake_progress_report /home/tobias/gitcode/cutting_board/glfw/glfw-3.2/CMakeFiles/CMakeTmp/CMakeFiles 1
Building C object CMakeFiles/cmTryCompileExec4006194400.dir/CheckSymbolExists.c.o
/usr/bin/cc    -o CMakeFiles/cmTryCompileExec4006194400.dir/CheckSymbolExists.c.o   -c /home/tobias/gitcode/cutting_board/glfw/glfw-3.2/CMakeFiles/CMakeTmp/CheckSymbolExists.c
Linking C executable cmTryCompileExec4006194400
/usr/bin/cmake -E cmake_link_script CMakeFiles/cmTryCompileExec4006194400.dir/link.txt --verbose=1
/usr/bin/cc       CMakeFiles/cmTryCompileExec4006194400.dir/CheckSymbolExists.c.o  -o cmTryCompileExec4006194400 -rdynamic 
CMakeFiles/cmTryCompileExec4006194400.dir/CheckSymbolExists.c.o: In function `main':
CheckSymbolExists.c:(.text+0x16): undefined reference to `pthread_create'
collect2: error: ld returned 1 exit status
make[1]: Leaving directory `/home/tobias/gitcode/cutting_board/glfw/glfw-3.2/CMakeFiles/CMakeTmp'
make[1]: *** [cmTryCompileExec4006194400] Error 1
make: *** [cmTryCompileExec4006194400/fast] Error 2

File /home/tobias/gitcode/cutting_board/glfw/glfw-3.2/CMakeFiles/CMakeTmp/CheckSymbolExists.c:
/* */
#include <pthread.h>

int main(int argc, char** argv)
{
  (void)argv;
#ifndef pthread_create
  return ((int*)(&pthread_create))[argc];
#else
  (void)argc;
  return 0;
#endif
}

Determining if the function pthread_create exists in the pthreads failed with the following output:
Change Dir: /home/tobias/gitcode/cutting_board/glfw/glfw-3.2/CMakeFiles/CMakeTmp

Run Build Command:/usr/bin/make "cmTryCompileExec420693357/fast"
/usr/bin/make -f CMakeFiles/cmTryCompileExec420693357.dir/build.make CMakeFiles/cmTryCompileExec420693357.dir/build
make[1]: Entering directory `/home/tobias/gitcode/cutting_board/glfw/glfw-3.2/CMakeFiles/CMakeTmp'
/usr/bin/cmake -E cmake_progress_report /home/tobias/gitcode/cutting_board/glfw/glfw-3.2/CMakeFiles/CMakeTmp/CMakeFiles 1
Building C object CMakeFiles/cmTryCompileExec420693357.dir/CheckFunctionExists.c.o
/usr/bin/cc   -DCHECK_FUNCTION_EXISTS=pthread_create   -o CMakeFiles/cmTryCompileExec420693357.dir/CheckFunctionExists.c.o   -c /usr/share/cmake-2.8/Modules/CheckFunctionExists.c
Linking C executable cmTryCompileExec420693357
/usr/bin/cmake -E cmake_link_script CMakeFiles/cmTryCompileExec420693357.dir/link.txt --verbose=1
/usr/bin/cc   -DCHECK_FUNCTION_EXISTS=pthread_create    CMakeFiles/cmTryCompileExec420693357.dir/CheckFunctionExists.c.o  -o cmTryCompileExec420693357 -rdynamic -lpthreads 
/usr/bin/ld: cannot find -lpthreads
collect2: error: ld returned 1 exit status
make[1]: Leaving directory `/home/tobias/gitcode/cutting_board/glfw/glfw-3.2/CMakeFiles/CMakeTmp'
make[1]: *** [cmTryCompileExec420693357] Error 1
make: *** [cmTryCompileExec420693357/fast] Error 2


